


---- [2020-02-07 12:30:01 +0100]
Ruby version: 2.6.3
App.verbose: true
COMMAND = update
-> update
[0;92mLe fichier est déjà le fichier du jour.[0m
<- update
-> open
Commande jouée : open -a "Typora" "/Users/philippeperret/Desktop/__SWTODO__.md"
<- open



---- [2020-02-07 12:40:00 +0100]
Ruby version: 2.6.3
App.verbose: true
COMMAND = update
-> update
[0;92mLe fichier est déjà le fichier du jour.[0m
<- update
-> open
Commande jouée : open -a "Typora" "/Users/philippeperret/Desktop/__SWTODO__.md"
<- open



---- [2020-02-08 05:00:01 +0100]
Ruby version: 2.6.3
App.verbose: true
COMMAND = update
-> update
<- update
-> open
Commande jouée : open -a "Typora" "/Users/philippeperret/Desktop/__SWTODO__.md"
<- open



---- [2020-02-08 06:00:00 +0100]
Ruby version: 2.6.3
App.verbose: true
COMMAND = update
-> update
[0;92mLe fichier est déjà le fichier du jour.[0m
<- update
-> open
Commande jouée : open -a "Typora" "/Users/philippeperret/Desktop/__SWTODO__.md"
<- open



---- [2020-02-08 07:00:01 +0100]
Ruby version: 2.6.3
App.verbose: true
COMMAND = update
-> update
[0;92mLe fichier est déjà le fichier du jour.[0m
<- update
-> open
Commande jouée : open -a "Typora" "/Users/philippeperret/Desktop/__SWTODO__.md"
<- open



---- [2020-02-08 08:00:00 +0100]
Ruby version: 2.6.3
App.verbose: true
COMMAND = update
-> update
[0;92mLe fichier est déjà le fichier du jour.[0m
<- update
-> open
Commande jouée : open -a "Typora" "/Users/philippeperret/Desktop/__SWTODO__.md"
<- open



---- [2020-02-08 09:00:00 +0100]
Ruby version: 2.6.3
App.verbose: true
COMMAND = update
-> update
[0;92mLe fichier est déjà le fichier du jour.[0m
<- update
-> open
Commande jouée : open -a "Typora" "/Users/philippeperret/Desktop/__SWTODO__.md"
<- open



---- [2020-02-08 10:00:00 +0100]
Ruby version: 2.6.3
App.verbose: true
COMMAND = update
-> update
[0;92mLe fichier est déjà le fichier du jour.[0m
<- update
-> open
Commande jouée : open -a "Typora" "/Users/philippeperret/Desktop/__SWTODO__.md"
<- open



---- [2020-02-08 11:00:00 +0100]
Ruby version: 2.6.3
App.verbose: true
COMMAND = update
-> update
[0;92mLe fichier est déjà le fichier du jour.[0m
<- update
-> open
Commande jouée : open -a "Typora" "/Users/philippeperret/Desktop/__SWTODO__.md"
<- open



---- [2020-02-08 12:00:01 +0100]
Ruby version: 2.6.3
App.verbose: true
COMMAND = update
-> update
[0;92mLe fichier est déjà le fichier du jour.[0m
<- update
-> open
Commande jouée : open -a "Typora" "/Users/philippeperret/Desktop/__SWTODO__.md"
<- open



---- [2020-02-09 07:00:00 +0100]
Ruby version: 2.6.3
App.verbose: true
COMMAND = update
-> update
<- update
-> open
Commande jouée : open -a "Typora" "/Users/philippeperret/Desktop/__SWTODO__.md"
<- open



---- [2020-02-09 08:00:00 +0100]
Ruby version: 2.6.3
App.verbose: true
COMMAND = update
-> update
[0;92mLe fichier est déjà le fichier du jour.[0m
<- update
-> open
Commande jouée : open -a "Typora" "/Users/philippeperret/Desktop/__SWTODO__.md"
<- open



---- [2020-02-09 09:00:01 +0100]
Ruby version: 2.6.3
App.verbose: true
COMMAND = update
-> update
[0;92mLe fichier est déjà le fichier du jour.[0m
<- update
-> open
Commande jouée : open -a "Typora" "/Users/philippeperret/Desktop/__SWTODO__.md"
<- open



---- [2020-02-09 10:00:00 +0100]
Ruby version: 2.6.3
App.verbose: true
COMMAND = update
-> update
[0;92mLe fichier est déjà le fichier du jour.[0m
<- update
-> open
Commande jouée : open -a "Typora" "/Users/philippeperret/Desktop/__SWTODO__.md"
<- open



---- [2020-02-09 11:00:01 +0100]
Ruby version: 2.6.3
App.verbose: true
COMMAND = update
-> update
[0;92mLe fichier est déjà le fichier du jour.[0m
<- update
-> open
Commande jouée : open -a "Typora" "/Users/philippeperret/Desktop/__SWTODO__.md"
<- open



---- [2020-02-09 12:00:01 +0100]
Ruby version: 2.6.3
App.verbose: true
COMMAND = update
-> update
[0;92mLe fichier est déjà le fichier du jour.[0m
<- update
-> open
Commande jouée : open -a "Typora" "/Users/philippeperret/Desktop/__SWTODO__.md"
<- open



---- [2020-02-10 05:00:01 +0100]
Ruby version: 2.6.3
App.verbose: true
COMMAND = update
-> update
<- update
-> open
Commande jouée : open -a "Typora" "/Users/philippeperret/Desktop/__SWTODO__.md"
<- open



---- [2020-02-10 06:00:01 +0100]
Ruby version: 2.6.3
App.verbose: true
COMMAND = update
-> update
[0;92mLe fichier est déjà le fichier du jour.[0m
<- update
-> open
Commande jouée : open -a "Typora" "/Users/philippeperret/Desktop/__SWTODO__.md"
<- open



---- [2020-02-10 07:00:01 +0100]
Ruby version: 2.6.3
App.verbose: true
COMMAND = update
-> update
[0;92mLe fichier est déjà le fichier du jour.[0m
<- update
-> open
Commande jouée : open -a "Typora" "/Users/philippeperret/Desktop/__SWTODO__.md"
<- open



---- [2020-02-10 08:00:01 +0100]
Ruby version: 2.6.3
App.verbose: true
COMMAND = update
-> update
[0;92mLe fichier est déjà le fichier du jour.[0m
<- update
-> open
Commande jouée : open -a "Typora" "/Users/philippeperret/Desktop/__SWTODO__.md"
<- open



---- [2020-02-10 09:00:00 +0100]
Ruby version: 2.6.3
App.verbose: true
COMMAND = update
-> update
[0;92mLe fichier est déjà le fichier du jour.[0m
<- update
-> open
Commande jouée : open -a "Typora" "/Users/philippeperret/Desktop/__SWTODO__.md"
<- open



---- [2020-02-10 10:00:01 +0100]
Ruby version: 2.6.3
App.verbose: true
COMMAND = update
-> update
[0;92mLe fichier est déjà le fichier du jour.[0m
<- update
-> open
Commande jouée : open -a "Typora" "/Users/philippeperret/Desktop/__SWTODO__.md"
<- open



---- [2020-02-10 11:00:00 +0100]
Ruby version: 2.6.3
App.verbose: true
COMMAND = update
-> update
[0;92mLe fichier est déjà le fichier du jour.[0m
<- update
-> open
Commande jouée : open -a "Typora" "/Users/philippeperret/Desktop/__SWTODO__.md"
<- open



---- [2020-02-10 12:00:01 +0100]
Ruby version: 2.6.3
App.verbose: true
COMMAND = update
-> update
[0;92mLe fichier est déjà le fichier du jour.[0m
<- update
-> open
Commande jouée : open -a "Typora" "/Users/philippeperret/Desktop/__SWTODO__.md"
<- open
